2014-01-31 14:29:32,608 MaxUpdater   INFO     MaxUpdater Service 1.5.0 [30/01/2014]
2014-01-31 14:29:33,496 MaxUpdater   DEBUG    3dsMax cpu usage 0.0
2014-01-31 14:29:33,509 MaxUpdater   DEBUG    Max found with parent explorer.exe.
2014-01-31 14:31:37,743 MaxUpdater   INFO     MaxUpdater Service 1.5.0 [30/01/2014]
2014-01-31 14:31:38,479 MaxUpdater   INFO     Ping response sent.
2014-01-31 14:31:38,653 MaxUpdater   DEBUG    3dsMax cpu usage 0.0
2014-01-31 14:31:38,664 MaxUpdater   DEBUG    Max found with parent explorer.exe.
2014-01-31 14:32:21,236 MaxUpdater   INFO     MaxUpdater Service 1.5.0 [30/01/2014]
2014-01-31 14:32:22,078 MaxUpdater   DEBUG    3dsMax cpu usage 0.0
2014-01-31 14:32:22,088 MaxUpdater   DEBUG    Max found with parent explorer.exe.
2014-01-31 15:54:28,808 MaxUpdater   INFO     MaxUpdater Service 1.5.0 [30/01/2014]
2014-01-31 15:54:29,628 MaxUpdater   DEBUG    3dsMax cpu usage 0.0
2014-01-31 15:54:29,640 MaxUpdater   DEBUG    Max found with parent explorer.exe.
2014-01-31 15:55:20,398 MaxUpdater   INFO     Stopping service.
2014-01-31 16:05:06,417 MaxUpdater   INFO     MaxUpdater Service 1.5.0 [30/01/2014]
2014-01-31 16:05:07,233 MaxUpdater   DEBUG    3dsMax cpu usage 0.0
2014-01-31 16:05:07,243 MaxUpdater   DEBUG    Max found with parent explorer.exe.
2014-01-31 16:07:20,177 MaxUpdater   INFO     Stopping service.
2014-01-31 16:07:22,441 MaxUpdater   INFO     MaxUpdater Service 1.5.0 [30/01/2014]
2014-01-31 16:07:23,273 MaxUpdater   DEBUG    3dsMax cpu usage 0.0
2014-01-31 16:07:23,285 MaxUpdater   DEBUG    Max found with parent explorer.exe.
2014-01-31 16:08:20,434 MaxUpdater   INFO     Stopping service.
2014-01-31 16:26:17,148 MaxUpdater   INFO     MaxUpdater Service 1.5.0 [30/01/2014]
2014-01-31 16:26:17,987 MaxUpdater   DEBUG    3dsMax cpu usage 0.0
2014-01-31 16:26:18,000 MaxUpdater   DEBUG    Max found with parent explorer.exe.
2014-01-31 16:37:41,759 MaxUpdater   INFO     Ping response sent.
2014-01-31 16:39:07,670 MaxUpdater   INFO     Ping response sent.
2014-01-31 16:41:12,305 MaxUpdater   INFO     Ping response sent.
2014-01-31 16:42:50,759 MaxUpdater   INFO     Ping response sent.
2014-01-31 16:42:58,007 MaxUpdater   INFO     Stopping service.
2014-01-31 16:42:59,457 MaxUpdater   INFO     MaxUpdater Service 1.5.0 [30/01/2014]
2014-01-31 16:43:00,299 MaxUpdater   DEBUG    3dsMax cpu usage 0.0
2014-01-31 16:43:00,309 MaxUpdater   DEBUG    Max found with parent explorer.exe.
2014-01-31 16:43:08,816 MaxUpdater   INFO     Ping response sent.
2014-01-31 16:46:51,176 MaxUpdater   INFO     Ping response sent.
2014-01-31 16:47:55,851 MaxUpdater   INFO     Ping response sent.
2014-01-31 17:13:13,920 MaxUpdater   INFO     MaxUpdater Service 1.5.0 [30/01/2014]
2014-01-31 17:13:14,805 MaxUpdater   DEBUG    3dsMax cpu usage 0.0
2014-01-31 17:13:14,816 MaxUpdater   DEBUG    Max found with parent explorer.exe.
2014-01-31 17:16:09,930 MaxUpdater   INFO     Ping response sent.
2014-01-31 18:03:16,529 MaxUpdater   DEBUG    3dsMax cpu usage 100.0
2014-01-31 18:03:16,558 MaxUpdater   DEBUG    Max found with parent deadlineslave.exe.
2014-01-31 18:53:19,029 MaxUpdater   DEBUG    3dsMax cpu usage 100.0
2014-01-31 18:53:19,062 MaxUpdater   DEBUG    Max found with parent deadlineslave.exe.
2014-01-31 18:53:19,164 MaxUpdater   DEBUG    3dsMax cpu usage 0.0
2014-01-31 18:53:19,197 MaxUpdater   DEBUG    Max found with parent explorer.exe.
2014-01-31 19:43:19,983 MaxUpdater   DEBUG    3dsMax cpu usage 0.0
2014-01-31 19:43:19,993 MaxUpdater   DEBUG    Max found with parent explorer.exe.
2014-01-31 20:33:20,792 MaxUpdater   DEBUG    3dsMax cpu usage 0.0
2014-01-31 20:33:20,802 MaxUpdater   DEBUG    Max found with parent explorer.exe.
2014-02-02 00:24:11,759 MaxUpdater   DEBUG    3dsMax cpu usage 0.0
2014-02-02 00:24:11,769 MaxUpdater   DEBUG    Max found with parent explorer.exe.
2014-02-02 01:14:12,490 MaxUpdater   DEBUG    3dsMax cpu usage 0.0
2014-02-02 01:14:12,500 MaxUpdater   DEBUG    Max found with parent explorer.exe.
2014-02-02 02:04:13,220 MaxUpdater   DEBUG    3dsMax cpu usage 0.0
2014-02-02 02:04:13,230 MaxUpdater   DEBUG    Max found with parent explorer.exe.
2014-02-02 02:54:13,947 MaxUpdater   DEBUG    3dsMax cpu usage 0.0
2014-02-02 02:54:13,957 MaxUpdater   DEBUG    Max found with parent explorer.exe.
2014-02-02 03:44:14,687 MaxUpdater   DEBUG    3dsMax cpu usage 0.0
2014-02-02 03:44:14,697 MaxUpdater   DEBUG    Max found with parent explorer.exe.
2014-02-02 04:34:15,423 MaxUpdater   DEBUG    3dsMax cpu usage 0.0
2014-02-02 04:34:15,433 MaxUpdater   DEBUG    Max found with parent explorer.exe.
2014-02-02 05:24:16,160 MaxUpdater   DEBUG    3dsMax cpu usage 0.0
2014-02-02 05:24:16,170 MaxUpdater   DEBUG    Max found with parent explorer.exe.
2014-02-02 06:14:16,908 MaxUpdater   DEBUG    3dsMax cpu usage 0.0
2014-02-02 06:14:16,918 MaxUpdater   DEBUG    Max found with parent explorer.exe.
2014-02-02 07:04:17,641 MaxUpdater   DEBUG    3dsMax cpu usage 0.0
2014-02-02 07:04:17,651 MaxUpdater   DEBUG    Max found with parent explorer.exe.
2014-02-02 07:54:18,359 MaxUpdater   DEBUG    3dsMax cpu usage 0.0
2014-02-02 07:54:18,369 MaxUpdater   DEBUG    Max found with parent explorer.exe.
2014-02-02 08:44:19,130 MaxUpdater   DEBUG    3dsMax cpu usage 0.0
2014-02-02 08:44:19,140 MaxUpdater   DEBUG    Max found with parent explorer.exe.
2014-02-02 09:34:19,877 MaxUpdater   DEBUG    3dsMax cpu usage 0.0
2014-02-02 09:34:19,887 MaxUpdater   DEBUG    Max found with parent explorer.exe.
2014-02-02 10:24:20,602 MaxUpdater   DEBUG    3dsMax cpu usage 0.0
2014-02-02 10:24:20,612 MaxUpdater   DEBUG    Max found with parent explorer.exe.
2014-02-02 11:14:21,378 MaxUpdater   DEBUG    3dsMax cpu usage 0.0
2014-02-02 11:14:21,388 MaxUpdater   DEBUG    Max found with parent explorer.exe.
2014-02-02 12:04:22,144 MaxUpdater   DEBUG    3dsMax cpu usage 0.0
2014-02-02 12:04:22,154 MaxUpdater   DEBUG    Max found with parent explorer.exe.
2014-02-02 12:54:22,928 MaxUpdater   DEBUG    3dsMax cpu usage 0.0
2014-02-02 12:54:22,940 MaxUpdater   DEBUG    Max found with parent explorer.exe.
2014-02-02 13:44:23,706 MaxUpdater   DEBUG    3dsMax cpu usage 0.0
2014-02-02 13:44:23,717 MaxUpdater   DEBUG    Max found with parent explorer.exe.
2014-02-02 14:34:24,486 MaxUpdater   DEBUG    3dsMax cpu usage 0.0
2014-02-02 14:34:24,496 MaxUpdater   DEBUG    Max found with parent explorer.exe.
2014-02-02 15:24:25,267 MaxUpdater   DEBUG    3dsMax cpu usage 0.0
2014-02-02 15:24:25,279 MaxUpdater   DEBUG    Max found with parent explorer.exe.
2014-02-02 16:14:26,058 MaxUpdater   DEBUG    3dsMax cpu usage 0.0
2014-02-02 16:14:26,069 MaxUpdater   DEBUG    Max found with parent explorer.exe.
2014-02-02 17:03:31,213 MaxUpdater   INFO     Stopping service.
